-------------------------------------------------------------------------------
Test set: Search and Place the order for products #2
-------------------------------------------------------------------------------
Tests run: 2, Failures: 1, Errors: 0, Skipped: 0, Time elapsed: 12.217 s <<< FAILURE! - in Search and Place the order for products #2
Search and Place the order for products #2.Search Experience for the product seach in both home and offers page #2  Time elapsed: 5.127 s  <<< FAILURE!
org.junit.ComparisonFailure: expected:<[No data]> but was:<[Beetroot]>

