<?xml version="1.0" encoding="UTF-8"?>
<!-- Generated by org.testng.reporters.JUnitReportReporter -->
<testsuite skipped="0" hostname="Supraja-Shivakumar" name="CucumberOptions.Failed_TestRunner" tests="1" failures="1" timestamp="2023-02-24T20:26:58 IST" time="9.622" errors="0">
  <testcase name="runScenario" time="9.622" classname="CucumberOptions.Failed_TestRunner">
    <failure type="java.lang.AssertionError" message="expected [Beetroot] but found [No data]">
      <![CDATA[java.lang.AssertionError: expected [Beetroot] but found [No data]
at org.testng.Assert.fail(Assert.java:110)
at org.testng.Assert.failNotEquals(Assert.java:1413)
at org.testng.Assert.assertEqualsImpl(Assert.java:149)
at org.testng.Assert.assertEquals(Assert.java:131)
at org.testng.Assert.assertEquals(Assert.java:655)
at org.testng.Assert.assertEquals(Assert.java:665)
at StepDefinations.Offerpage_stepdefination.Check_if_product_exist_with_same_name_in_landing_page(Offerpage_stepdefination.java:45)
at ✽.Check if product exist with same name in landing page(file:///C:/Users/Supraja%20Shivakumar/eclipse-workspace/Cucumber-framework/src/test/java/Features/SearchProduct.feature:7)
]]>
    </failure>
  </testcase> <!-- runScenario -->
  <system-out/>
</testsuite> <!-- CucumberOptions.Failed_TestRunner -->
